# JRE version: OpenJDK Runtime Environment (11.0.2+9) (build 11.0.2+9)
# Java VM: OpenJDK 64-Bit Server VM (11.0.2+9, mixed mode, tiered, compressed oops, g1 gc, windows-amd64)
Heap:
 garbage-first heap   total 215040K, used 137595K [0x0000000740000000, 0x0000000800000000)
  region size 1024K, 41 young (41984K), 2 survivors (2048K)
 Metaspace       used 90811K, capacity 92000K, committed 95568K, reserved 1130496K
  class space    used 12096K, capacity 12604K, committed 13824K, reserved 1048576K
GC Heap History (10 events):
Event: 5263.251 GC heap before
{Heap before GC invocations=267 (full 64):
 garbage-first heap   total 215040K, used 158457K [0x0000000740000000, 0x0000000800000000)
  region size 1024K, 60 young (61440K), 1 survivors (1024K)
 Metaspace       used 90492K, capacity 91736K, committed 95312K, reserved 1130496K
  class space    used 12060K, capacity 12559K, committed 13824K, reserved 1048576K
}
Event: 5263.252 GC heap after
{Heap after GC invocations=268 (full 64):
 garbage-first heap   total 215040K, used 98101K [0x0000000740000000, 0x0000000800000000)
  region size 1024K, 1 young (1024K), 1 survivors (1024K)
 Metaspace       used 90492K, capacity 91736K, committed 95312K, reserved 1130496K
  class space    used 12060K, capacity 12559K, committed 13824K, reserved 1048576K
}
Event: 5266.543 GC heap before
{Heap before GC invocations=268 (full 64):
 garbage-first heap   total 215040K, used 158517K [0x0000000740000000, 0x0000000800000000)
  region size 1024K, 60 young (61440K), 1 survivors (1024K)
 Metaspace       used 90644K, capacity 91869K, committed 95312K, reserved 1130496K
  class space    used 12087K, capacity 12603K, committed 13824K, reserved 1048576K
}
Event: 5266.544 GC heap after
{Heap after GC invocations=269 (full 64):
 garbage-first heap   total 215040K, used 98842K [0x0000000740000000, 0x0000000800000000)
  region size 1024K, 2 young (2048K), 2 survivors (2048K)
 Metaspace       used 90644K, capacity 91869K, committed 95312K, reserved 1130496K
  class space    used 12087K, capacity 12603K, committed 13824K, reserved 1048576K
}
Event: 5267.756 GC heap before
{Heap before GC invocations=269 (full 64):
 garbage-first heap   total 215040K, used 158234K [0x0000000740000000, 0x0000000800000000)
  region size 1024K, 60 young (61440K), 2 survivors (2048K)
 Metaspace       used 90702K, capacity 91933K, committed 95312K, reserved 1130496K
  class space    used 12087K, capacity 12603K, committed 13824K, reserved 1048576K
}
Event: 5267.757 GC heap after
{Heap after GC invocations=270 (full 64):
 garbage-first heap   total 215040K, used 98555K [0x0000000740000000, 0x0000000800000000)
  region size 1024K, 1 young (1024K), 1 survivors (1024K)
 Metaspace       used 90702K, capacity 91933K, committed 95312K, reserved 1130496K
  class space    used 12087K, capacity 12603K, committed 13824K, reserved 1048576K
}
Event: 5268.460 GC heap before
{Heap before GC invocations=270 (full 64):
 garbage-first heap   total 215040K, used 158971K [0x0000000740000000, 0x0000000800000000)
  region size 1024K, 60 young (61440K), 1 survivors (1024K)
 Metaspace       used 90707K, capacity 91933K, committed 95312K, reserved 1130496K
  class space    used 12087K, capacity 12603K, committed 13824K, reserved 1048576K
}
Event: 5268.461 GC heap after
{Heap after GC invocations=271 (full 64):
 garbage-first heap   total 215040K, used 98645K [0x0000000740000000, 0x0000000800000000)
  region size 1024K, 2 young (2048K), 2 survivors (2048K)
 Metaspace       used 90707K, capacity 91933K, committed 95312K, reserved 1130496K
  class space    used 12087K, capacity 12603K, committed 13824K, reserved 1048576K
}
Event: 5270.464 GC heap before
{Heap before GC invocations=271 (full 64):
 garbage-first heap   total 215040K, used 158037K [0x0000000740000000, 0x0000000800000000)
  region size 1024K, 60 young (61440K), 2 survivors (2048K)
 Metaspace       used 90720K, capacity 91936K, committed 95312K, reserved 1130496K
  class space    used 12088K, capacity 12604K, committed 13824K, reserved 1048576K
}
Event: 5270.465 GC heap after
{Heap after GC invocations=272 (full 64):
 garbage-first heap   total 215040K, used 98683K [0x0000000740000000, 0x0000000800000000)
  region size 1024K, 2 young (2048K), 2 survivors (2048K)
 Metaspace       used 90720K, capacity 91936K, committed 95312K, reserved 1130496K
  class space    used 12088K, capacity 12604K, committed 13824K, reserved 1048576K
}

